
*** Running vivado
    with args -log wrapper.vdi -applog -m64 -product Vivado -messageDb vivado.pb -mode batch -source wrapper.tcl -notrace



****** Vivado v2022.2 (64-bit)
  **** SW Build 3671981 on Fri Oct 14 05:00:03 MDT 2022
  **** IP Build 3669848 on Fri Oct 14 08:30:02 MDT 2022
    ** Copyright 1986-2022 Xilinx, Inc. All Rights Reserved.

source wrapper.tcl -notrace
Command: link_design -top wrapper -part xc7z007sclg400-1
Design is defaulting to srcset: sources_1
Design is defaulting to constrset: constrs_1
INFO: [Device 21-403] Loading part xc7z007sclg400-1
Netlist sorting complete. Time (s): cpu = 00:00:00 ; elapsed = 00:00:00 . Memory (MB): peak = 1409.941 ; gain = 0.000
INFO: [Netlist 29-17] Analyzing 8 Unisim elements for replacement
INFO: [Netlist 29-28] Unisim Transformation completed in 0 CPU seconds
INFO: [Project 1-479] Netlist was created with Vivado 2022.2
INFO: [Project 1-570] Preparing netlist for logic optimization
Parsing XDC File [C:/Users/rojin/Mux and Demux circuit/Mux and Demux circuit.srcs/constrs_1/new/const.xdc]
Finished Parsing XDC File [C:/Users/rojin/Mux and Demux circuit/Mux and Demux circuit.srcs/constrs_1/new/const.xdc]
INFO: [Opt 31-138] Pushed 0 inverter(s) to 0 load pin(s).
Netlist sorting complete. Time (s): cpu = 00:00:00 ; elapsed = 00:00:00 . Memory (MB): peak = 1531.613 ; gain = 0.000
INFO: [Project 1-111] Unisim Transformation Summary:
No Unisim elements were transformed.

7 Infos, 0 Warnings, 0 Critical Warnings and 0 Errors encountered.
link_design completed successfully
Command: opt_design
Attempting to get a license for feature 'Implementation' and/or device 'xc7z007s'
INFO: [Common 17-349] Got license for feature 'Implementation' and/or device 'xc7z007s'
Running DRC as a precondition to command opt_design

Starting DRC Task
INFO: [DRC 23-27] Running DRC with 2 threads
INFO: [Project 1-461] DRC finished with 0 Errors
INFO: [Project 1-462] Please refer to the DRC report (report_drc) for more information.

Time (s): cpu = 00:00:01 ; elapsed = 00:00:00.855 . Memory (MB): peak = 1555.598 ; gain = 19.977

Starting Cache Timing Information Task
INFO: [Timing 38-35] Done setting XDC timing constraints.
Ending Cache Timing Information Task | Checksum: 206a3968b

Time (s): cpu = 00:00:01 ; elapsed = 00:00:05 . Memory (MB): peak = 2068.969 ; gain = 513.371

Starting Logic Optimization Task

Phase 1 Retarget
INFO: [Opt 31-138] Pushed 0 inverter(s) to 0 load pin(s).
INFO: [Opt 31-49] Retargeted 0 cell(s).
Phase 1 Retarget | Checksum: 206a3968b

Time (s): cpu = 00:00:00 ; elapsed = 00:00:00.012 . Memory (MB): peak = 2404.285 ; gain = 0.000
INFO: [Opt 31-389] Phase Retarget created 0 cells and removed 0 cells

Phase 2 Constant propagation
INFO: [Opt 31-138] Pushed 0 inverter(s) to 0 load pin(s).
Phase 2 Constant propagation | Checksum: 206a3968b

Time (s): cpu = 00:00:00 ; elapsed = 00:00:00.013 . Memory (MB): peak = 2404.285 ; gain = 0.000
INFO: [Opt 31-389] Phase Constant propagation created 0 cells and removed 0 cells

Phase 3 Sweep
Phase 3 Sweep | Checksum: 194470a71

Time (s): cpu = 00:00:00 ; elapsed = 00:00:00.015 . Memory (MB): peak = 2404.285 ; gain = 0.000
INFO: [Opt 31-389] Phase Sweep created 0 cells and removed 0 cells

Phase 4 BUFG optimization
Phase 4 BUFG optimization | Checksum: 194470a71

Time (s): cpu = 00:00:00 ; elapsed = 00:00:00.039 . Memory (MB): peak = 2404.285 ; gain = 0.000
INFO: [Opt 31-662] Phase BUFG optimization created 0 cells of which 0 are BUFGs and removed 0 cells.

Phase 5 Shift Register Optimization
INFO: [Opt 31-1064] SRL Remap converted 0 SRLs to 0 registers and converted 0 registers of register chains to 0 SRLs
Phase 5 Shift Register Optimization | Checksum: 194470a71

Time (s): cpu = 00:00:00 ; elapsed = 00:00:00.040 . Memory (MB): peak = 2404.285 ; gain = 0.000
INFO: [Opt 31-389] Phase Shift Register Optimization created 0 cells and removed 0 cells

Phase 6 Post Processing Netlist
Phase 6 Post Processing Netlist | Checksum: 194470a71

Time (s): cpu = 00:00:00 ; elapsed = 00:00:00.041 . Memory (MB): peak = 2404.285 ; gain = 0.000
INFO: [Opt 31-389] Phase Post Processing Netlist created 0 cells and removed 0 cells
Opt_design Change Summary
=========================


-------------------------------------------------------------------------------------------------------------------------
|  Phase                        |  #Cells created  |  #Cells Removed  |  #Constrained objects preventing optimizations  |
-------------------------------------------------------------------------------------------------------------------------
|  Retarget                     |               0  |               0  |                                              0  |
|  Constant propagation         |               0  |               0  |                                              0  |
|  Sweep                        |               0  |               0  |                                              0  |
|  BUFG optimization            |               0  |               0  |                                              0  |
|  Shift Register Optimization  |               0  |               0  |                                              0  |
|  Post Processing Netlist      |               0  |               0  |                                              0  |
-------------------------------------------------------------------------------------------------------------------------



Starting Connectivity Check Task

Time (s): cpu = 00:00:00 ; elapsed = 00:00:00 . Memory (MB): peak = 2404.285 ; gain = 0.000
Ending Logic Optimization Task | Checksum: 2889c1d89

Time (s): cpu = 00:00:00 ; elapsed = 00:00:00.045 . Memory (MB): peak = 2404.285 ; gain = 0.000

Starting Power Optimization Task
INFO: [Pwropt 34-132] Skipping clock gating for clocks with a period < 2.00 ns.
Ending Power Optimization Task | Checksum: 2889c1d89

Time (s): cpu = 00:00:00 ; elapsed = 00:00:00.008 . Memory (MB): peak = 2404.285 ; gain = 0.000

Starting Final Cleanup Task
Ending Final Cleanup Task | Checksum: 2889c1d89

Time (s): cpu = 00:00:00 ; elapsed = 00:00:00.001 . Memory (MB): peak = 2404.285 ; gain = 0.000

Starting Netlist Obfuscation Task
Netlist sorting complete. Time (s): cpu = 00:00:00 ; elapsed = 00:00:00 . Memory (MB): peak = 2404.285 ; gain = 0.000
Ending Netlist Obfuscation Task | Checksum: 2889c1d89

Time (s): cpu = 00:00:00 ; elapsed = 00:00:00 . Memory (MB): peak = 2404.285 ; gain = 0.000
INFO: [Common 17-83] Releasing license: Implementation
24 Infos, 0 Warnings, 0 Critical Warnings and 0 Errors encountered.
opt_design completed successfully
opt_design: Time (s): cpu = 00:00:03 ; elapsed = 00:00:08 . Memory (MB): peak = 2404.285 ; gain = 868.664
INFO: [Timing 38-480] Writing timing data to binary archive.
Writing XDEF routing.
Writing XDEF routing logical nets.
Writing XDEF routing special nets.
Write XDEF Complete: Time (s): cpu = 00:00:00 ; elapsed = 00:00:00.057 . Memory (MB): peak = 2404.285 ; gain = 0.000
INFO: [Common 17-1381] The checkpoint 'C:/Users/rojin/Mux and Demux circuit/Mux and Demux circuit.runs/impl_1/wrapper_opt.dcp' has been generated.
INFO: [runtcl-4] Executing : report_drc -file wrapper_drc_opted.rpt -pb wrapper_drc_opted.pb -rpx wrapper_drc_opted.rpx
Command: report_drc -file wrapper_drc_opted.rpt -pb wrapper_drc_opted.pb -rpx wrapper_drc_opted.rpx
INFO: [IP_Flow 19-234] Refreshing IP repositories
INFO: [IP_Flow 19-1704] No user IP repositories specified
INFO: [IP_Flow 19-2313] Loaded Vivado IP repository 'C:/EE214/Vivado/2022.2/data/ip'.
INFO: [DRC 23-27] Running DRC with 2 threads
INFO: [Vivado_Tcl 2-168] The results of DRC are in file C:/Users/rojin/Mux and Demux circuit/Mux and Demux circuit.runs/impl_1/wrapper_drc_opted.rpt.
report_drc completed successfully
Command: place_design
Attempting to get a license for feature 'Implementation' and/or device 'xc7z007s'
INFO: [Common 17-349] Got license for feature 'Implementation' and/or device 'xc7z007s'
INFO: [DRC 23-27] Running DRC with 2 threads
INFO: [Vivado_Tcl 4-198] DRC finished with 0 Errors
INFO: [Vivado_Tcl 4-199] Please refer to the DRC report (report_drc) for more information.
Running DRC as a precondition to command place_design
INFO: [DRC 23-27] Running DRC with 2 threads
INFO: [Vivado_Tcl 4-198] DRC finished with 0 Errors
INFO: [Vivado_Tcl 4-199] Please refer to the DRC report (report_drc) for more information.

Starting Placer Task
INFO: [Place 30-611] Multithreading enabled for place_design using a maximum of 2 CPUs

Phase 1 Placer Initialization

Phase 1.1 Placer Initialization Netlist Sorting
Netlist sorting complete. Time (s): cpu = 00:00:00 ; elapsed = 00:00:00 . Memory (MB): peak = 2404.285 ; gain = 0.000
Phase 1.1 Placer Initialization Netlist Sorting | Checksum: 1920bf3cc

Time (s): cpu = 00:00:00 ; elapsed = 00:00:00.012 . Memory (MB): peak = 2404.285 ; gain = 0.000
Netlist sorting complete. Time (s): cpu = 00:00:00 ; elapsed = 00:00:00 . Memory (MB): peak = 2404.285 ; gain = 0.000

Phase 1.2 IO Placement/ Clock Placement/ Build Placer Device
INFO: [Timing 38-35] Done setting XDC timing constraints.
Phase 1.2 IO Placement/ Clock Placement/ Build Placer Device | Checksum: 1a5a21723

Time (s): cpu = 00:00:00 ; elapsed = 00:00:00.123 . Memory (MB): peak = 2404.285 ; gain = 0.000

Phase 1.3 Build Placer Netlist Model
Phase 1.3 Build Placer Netlist Model | Checksum: 1d84de005

Time (s): cpu = 00:00:00 ; elapsed = 00:00:00.156 . Memory (MB): peak = 2404.285 ; gain = 0.000

Phase 1.4 Constrain Clocks/Macros
Phase 1.4 Constrain Clocks/Macros | Checksum: 1d84de005

Time (s): cpu = 00:00:00 ; elapsed = 00:00:00.159 . Memory (MB): peak = 2404.285 ; gain = 0.000
Phase 1 Placer Initialization | Checksum: 1d84de005

Time (s): cpu = 00:00:00 ; elapsed = 00:00:00.164 . Memory (MB): peak = 2404.285 ; gain = 0.000

Phase 2 Global Placement

Phase 2.1 Floorplanning
Phase 2.1 Floorplanning | Checksum: 1d84de005

Time (s): cpu = 00:00:00 ; elapsed = 00:00:00.173 . Memory (MB): peak = 2404.285 ; gain = 0.000

Phase 2.2 Update Timing before SLR Path Opt
Phase 2.2 Update Timing before SLR Path Opt | Checksum: 1d84de005

Time (s): cpu = 00:00:00 ; elapsed = 00:00:00.174 . Memory (MB): peak = 2404.285 ; gain = 0.000

Phase 2.3 Post-Processing in Floorplanning
Phase 2.3 Post-Processing in Floorplanning | Checksum: 1d84de005

Time (s): cpu = 00:00:00 ; elapsed = 00:00:00.174 . Memory (MB): peak = 2404.285 ; gain = 0.000

Phase 2.4 Global Placement Core
WARNING: [Place 46-29] Timing had been disabled during Placer and, therefore, physical synthesis in Placer will be skipped.
Phase 2.4 Global Placement Core | Checksum: 26bb0740c

Time (s): cpu = 00:00:00 ; elapsed = 00:00:00.537 . Memory (MB): peak = 2404.285 ; gain = 0.000
Phase 2 Global Placement | Checksum: 26bb0740c

Time (s): cpu = 00:00:00 ; elapsed = 00:00:00.539 . Memory (MB): peak = 2404.285 ; gain = 0.000

Phase 3 Detail Placement

Phase 3.1 Commit Multi Column Macros
Phase 3.1 Commit Multi Column Macros | Checksum: 26bb0740c

Time (s): cpu = 00:00:00 ; elapsed = 00:00:00.541 . Memory (MB): peak = 2404.285 ; gain = 0.000

Phase 3.2 Commit Most Macros & LUTRAMs
Phase 3.2 Commit Most Macros & LUTRAMs | Checksum: 1992a0e13

Time (s): cpu = 00:00:00 ; elapsed = 00:00:00.545 . Memory (MB): peak = 2404.285 ; gain = 0.000

Phase 3.3 Area Swap Optimization
Phase 3.3 Area Swap Optimization | Checksum: 13a370844

Time (s): cpu = 00:00:00 ; elapsed = 00:00:00.550 . Memory (MB): peak = 2404.285 ; gain = 0.000

Phase 3.4 Pipeline Register Optimization
Phase 3.4 Pipeline Register Optimization | Checksum: 13a370844

Time (s): cpu = 00:00:00 ; elapsed = 00:00:00.551 . Memory (MB): peak = 2404.285 ; gain = 0.000

Phase 3.5 Small Shape Detail Placement
Phase 3.5 Small Shape Detail Placement | Checksum: 264636ce8

Time (s): cpu = 00:00:00 ; elapsed = 00:00:00.608 . Memory (MB): peak = 2404.285 ; gain = 0.000

Phase 3.6 Re-assign LUT pins
Phase 3.6 Re-assign LUT pins | Checksum: 264636ce8

Time (s): cpu = 00:00:00 ; elapsed = 00:00:00.610 . Memory (MB): peak = 2404.285 ; gain = 0.000

Phase 3.7 Pipeline Register Optimization
Phase 3.7 Pipeline Register Optimization | Checksum: 264636ce8

Time (s): cpu = 00:00:00 ; elapsed = 00:00:00.611 . Memory (MB): peak = 2404.285 ; gain = 0.000
Phase 3 Detail Placement | Checksum: 264636ce8

Time (s): cpu = 00:00:00 ; elapsed = 00:00:00.612 . Memory (MB): peak = 2404.285 ; gain = 0.000

Phase 4 Post Placement Optimization and Clean-Up

Phase 4.1 Post Commit Optimization
Phase 4.1 Post Commit Optimization | Checksum: 264636ce8

Time (s): cpu = 00:00:00 ; elapsed = 00:00:00.622 . Memory (MB): peak = 2404.285 ; gain = 0.000

Phase 4.2 Post Placement Cleanup
Phase 4.2 Post Placement Cleanup | Checksum: 264636ce8

Time (s): cpu = 00:00:00 ; elapsed = 00:00:00.624 . Memory (MB): peak = 2404.285 ; gain = 0.000

Phase 4.3 Placer Reporting

Phase 4.3.1 Print Estimated Congestion
INFO: [Place 30-612] Post-Placement Estimated Congestion 
 ____________________________________________________
|           | Global Congestion | Short Congestion  |
| Direction | Region Size       | Region Size       |
|___________|___________________|___________________|
|      North|                1x1|                1x1|
|___________|___________________|___________________|
|      South|                1x1|                1x1|
|___________|___________________|___________________|
|       East|                1x1|                1x1|
|___________|___________________|___________________|
|       West|                1x1|                1x1|
|___________|___________________|___________________|

Phase 4.3.1 Print Estimated Congestion | Checksum: 264636ce8

Time (s): cpu = 00:00:00 ; elapsed = 00:00:00.625 . Memory (MB): peak = 2404.285 ; gain = 0.000
Phase 4.3 Placer Reporting | Checksum: 264636ce8

Time (s): cpu = 00:00:00 ; elapsed = 00:00:00.626 . Memory (MB): peak = 2404.285 ; gain = 0.000

Phase 4.4 Final Placement Cleanup
Netlist sorting complete. Time (s): cpu = 00:00:00 ; elapsed = 00:00:00 . Memory (MB): peak = 2404.285 ; gain = 0.000

Time (s): cpu = 00:00:00 ; elapsed = 00:00:00.626 . Memory (MB): peak = 2404.285 ; gain = 0.000
Phase 4 Post Placement Optimization and Clean-Up | Checksum: 264636ce8

Time (s): cpu = 00:00:00 ; elapsed = 00:00:00.627 . Memory (MB): peak = 2404.285 ; gain = 0.000
Ending Placer Task | Checksum: 1a4466df7

Time (s): cpu = 00:00:00 ; elapsed = 00:00:00.628 . Memory (MB): peak = 2404.285 ; gain = 0.000
INFO: [Common 17-83] Releasing license: Implementation
43 Infos, 1 Warnings, 0 Critical Warnings and 0 Errors encountered.
place_design completed successfully
INFO: [Timing 38-480] Writing timing data to binary archive.
Writing XDEF routing.
Writing XDEF routing logical nets.
Writing XDEF routing special nets.
Write XDEF Complete: Time (s): cpu = 00:00:01 ; elapsed = 00:00:00.055 . Memory (MB): peak = 2404.285 ; gain = 0.000
INFO: [Common 17-1381] The checkpoint 'C:/Users/rojin/Mux and Demux circuit/Mux and Demux circuit.runs/impl_1/wrapper_placed.dcp' has been generated.
INFO: [runtcl-4] Executing : report_io -file wrapper_io_placed.rpt
report_io: Time (s): cpu = 00:00:00 ; elapsed = 00:00:00.045 . Memory (MB): peak = 2404.285 ; gain = 0.000
INFO: [runtcl-4] Executing : report_utilization -file wrapper_utilization_placed.rpt -pb wrapper_utilization_placed.pb
INFO: [runtcl-4] Executing : report_control_sets -verbose -file wrapper_control_sets_placed.rpt
report_control_sets: Time (s): cpu = 00:00:00 ; elapsed = 00:00:00.001 . Memory (MB): peak = 2404.285 ; gain = 0.000
Command: phys_opt_design
Attempting to get a license for feature 'Implementation' and/or device 'xc7z007s'
INFO: [Common 17-349] Got license for feature 'Implementation' and/or device 'xc7z007s'

Starting Initial Update Timing Task

Time (s): cpu = 00:00:00 ; elapsed = 00:00:00.010 . Memory (MB): peak = 2404.285 ; gain = 0.000
INFO: [Vivado_Tcl 4-235] No timing constraint found. The netlist was not modified.
INFO: [Common 17-83] Releasing license: Implementation
51 Infos, 1 Warnings, 0 Critical Warnings and 0 Errors encountered.
phys_opt_design completed successfully
INFO: [Timing 38-480] Writing timing data to binary archive.
Writing XDEF routing.
Writing XDEF routing logical nets.
Writing XDEF routing special nets.
Write XDEF Complete: Time (s): cpu = 00:00:00 ; elapsed = 00:00:00.051 . Memory (MB): peak = 2416.148 ; gain = 0.000
INFO: [Common 17-1381] The checkpoint 'C:/Users/rojin/Mux and Demux circuit/Mux and Demux circuit.runs/impl_1/wrapper_physopt.dcp' has been generated.
Command: route_design
Attempting to get a license for feature 'Implementation' and/or device 'xc7z007s'
INFO: [Common 17-349] Got license for feature 'Implementation' and/or device 'xc7z007s'
Running DRC as a precondition to command route_design
INFO: [DRC 23-27] Running DRC with 2 threads
INFO: [Vivado_Tcl 4-198] DRC finished with 0 Errors
INFO: [Vivado_Tcl 4-199] Please refer to the DRC report (report_drc) for more information.


Starting Routing Task
INFO: [Route 35-254] Multithreading enabled for route_design using a maximum of 2 CPUs

Phase 1 Build RT Design
Checksum: PlaceDB: d1badd07 ConstDB: 0 ShapeSum: d28b90f0 RouteDB: 0
Post Restoration Checksum: NetGraph: 56874185 NumContArr: 28dd36f2 Constraints: 0 Timing: 0
Phase 1 Build RT Design | Checksum: 7f647877

Time (s): cpu = 00:00:05 ; elapsed = 00:00:09 . Memory (MB): peak = 2462.980 ; gain = 37.684

Phase 2 Router Initialization
INFO: [Route 35-64] No timing constraints were detected. The router will operate in resource-optimization mode.

Phase 2.1 Fix Topology Constraints
Phase 2.1 Fix Topology Constraints | Checksum: 7f647877

Time (s): cpu = 00:00:05 ; elapsed = 00:00:09 . Memory (MB): peak = 2469.062 ; gain = 43.766

Phase 2.2 Pre Route Cleanup
Phase 2.2 Pre Route Cleanup | Checksum: 7f647877

Time (s): cpu = 00:00:05 ; elapsed = 00:00:09 . Memory (MB): peak = 2469.062 ; gain = 43.766
 Number of Nodes with overlaps = 0

Router Utilization Summary
  Global Vertical Routing Utilization    = 0 %
  Global Horizontal Routing Utilization  = 0 %
  Routable Net Status*
  *Does not include unroutable nets such as driverless and loadless.
  Run report_route_status for detailed report.
  Number of Failed Nets               = 51
    (Failed Nets is the sum of unrouted and partially routed nets)
  Number of Unrouted Nets             = 51
  Number of Partially Routed Nets     = 0
  Number of Node Overlaps             = 0

Phase 2 Router Initialization | Checksum: 958b6e0b

Time (s): cpu = 00:00:05 ; elapsed = 00:00:09 . Memory (MB): peak = 2471.965 ; gain = 46.668

Phase 3 Initial Routing

Phase 3.1 Global Routing
Phase 3.1 Global Routing | Checksum: 958b6e0b

Time (s): cpu = 00:00:05 ; elapsed = 00:00:09 . Memory (MB): peak = 2471.965 ; gain = 46.668
Phase 3 Initial Routing | Checksum: 6e71a15e

Time (s): cpu = 00:00:05 ; elapsed = 00:00:09 . Memory (MB): peak = 2471.965 ; gain = 46.668

Phase 4 Rip-up And Reroute

Phase 4.1 Global Iteration 0
 Number of Nodes with overlaps = 1
 Number of Nodes with overlaps = 0
Phase 4.1 Global Iteration 0 | Checksum: d5064279

Time (s): cpu = 00:00:05 ; elapsed = 00:00:09 . Memory (MB): peak = 2471.965 ; gain = 46.668
Phase 4 Rip-up And Reroute | Checksum: d5064279

Time (s): cpu = 00:00:05 ; elapsed = 00:00:09 . Memory (MB): peak = 2471.965 ; gain = 46.668

Phase 5 Delay and Skew Optimization
Phase 5 Delay and Skew Optimization | Checksum: d5064279

Time (s): cpu = 00:00:05 ; elapsed = 00:00:09 . Memory (MB): peak = 2471.965 ; gain = 46.668

Phase 6 Post Hold Fix

Phase 6.1 Hold Fix Iter
Phase 6.1 Hold Fix Iter | Checksum: d5064279

Time (s): cpu = 00:00:05 ; elapsed = 00:00:09 . Memory (MB): peak = 2471.965 ; gain = 46.668
Phase 6 Post Hold Fix | Checksum: d5064279

Time (s): cpu = 00:00:05 ; elapsed = 00:00:09 . Memory (MB): peak = 2471.965 ; gain = 46.668

Phase 7 Route finalize

Router Utilization Summary
  Global Vertical Routing Utilization    = 0.0432151 %
  Global Horizontal Routing Utilization  = 0.0275735 %
  Routable Net Status*
  *Does not include unroutable nets such as driverless and loadless.
  Run report_route_status for detailed report.
  Number of Failed Nets               = 0
    (Failed Nets is the sum of unrouted and partially routed nets)
  Number of Unrouted Nets             = 0
  Number of Partially Routed Nets     = 0
  Number of Node Overlaps             = 0

Congestion Report
North Dir 1x1 Area, Max Cong = 16.2162%, No Congested Regions.
South Dir 1x1 Area, Max Cong = 16.2162%, No Congested Regions.
East Dir 1x1 Area, Max Cong = 22.0588%, No Congested Regions.
West Dir 1x1 Area, Max Cong = 5.88235%, No Congested Regions.

------------------------------
Reporting congestion hotspots
------------------------------
Direction: North
----------------
Congested clusters found at Level 0
Effective congestion level: 0 Aspect Ratio: 1 Sparse Ratio: 0
Direction: South
----------------
Congested clusters found at Level 0
Effective congestion level: 0 Aspect Ratio: 1 Sparse Ratio: 0
Direction: East
----------------
Congested clusters found at Level 0
Effective congestion level: 0 Aspect Ratio: 1 Sparse Ratio: 0
Direction: West
----------------
Congested clusters found at Level 0
Effective congestion level: 0 Aspect Ratio: 1 Sparse Ratio: 0

Phase 7 Route finalize | Checksum: d5064279

Time (s): cpu = 00:00:05 ; elapsed = 00:00:09 . Memory (MB): peak = 2471.965 ; gain = 46.668

Phase 8 Verifying routed nets

 Verification completed successfully
Phase 8 Verifying routed nets | Checksum: d5064279

Time (s): cpu = 00:00:05 ; elapsed = 00:00:09 . Memory (MB): peak = 2472.555 ; gain = 47.258

Phase 9 Depositing Routes
Phase 9 Depositing Routes | Checksum: abe13dff

Time (s): cpu = 00:00:05 ; elapsed = 00:00:09 . Memory (MB): peak = 2472.555 ; gain = 47.258
INFO: [Route 35-16] Router Completed Successfully

Time (s): cpu = 00:00:05 ; elapsed = 00:00:09 . Memory (MB): peak = 2472.555 ; gain = 47.258

Routing Is Done.
INFO: [Common 17-83] Releasing license: Implementation
61 Infos, 1 Warnings, 0 Critical Warnings and 0 Errors encountered.
route_design completed successfully
route_design: Time (s): cpu = 00:00:06 ; elapsed = 00:00:10 . Memory (MB): peak = 2472.555 ; gain = 56.406
INFO: [Timing 38-480] Writing timing data to binary archive.
Writing XDEF routing.
Writing XDEF routing logical nets.
Writing XDEF routing special nets.
Write XDEF Complete: Time (s): cpu = 00:00:00 ; elapsed = 00:00:00.033 . Memory (MB): peak = 2487.340 ; gain = 14.785
INFO: [Common 17-1381] The checkpoint 'C:/Users/rojin/Mux and Demux circuit/Mux and Demux circuit.runs/impl_1/wrapper_routed.dcp' has been generated.
INFO: [runtcl-4] Executing : report_drc -file wrapper_drc_routed.rpt -pb wrapper_drc_routed.pb -rpx wrapper_drc_routed.rpx
Command: report_drc -file wrapper_drc_routed.rpt -pb wrapper_drc_routed.pb -rpx wrapper_drc_routed.rpx
INFO: [IP_Flow 19-1839] IP Catalog is up to date.
INFO: [DRC 23-27] Running DRC with 2 threads
INFO: [Vivado_Tcl 2-168] The results of DRC are in file C:/Users/rojin/Mux and Demux circuit/Mux and Demux circuit.runs/impl_1/wrapper_drc_routed.rpt.
report_drc completed successfully
INFO: [runtcl-4] Executing : report_methodology -file wrapper_methodology_drc_routed.rpt -pb wrapper_methodology_drc_routed.pb -rpx wrapper_methodology_drc_routed.rpx
Command: report_methodology -file wrapper_methodology_drc_routed.rpt -pb wrapper_methodology_drc_routed.pb -rpx wrapper_methodology_drc_routed.rpx
INFO: [Timing 38-35] Done setting XDC timing constraints.
INFO: [DRC 23-133] Running Methodology with 2 threads
INFO: [Vivado_Tcl 2-1520] The results of Report Methodology are in file C:/Users/rojin/Mux and Demux circuit/Mux and Demux circuit.runs/impl_1/wrapper_methodology_drc_routed.rpt.
report_methodology completed successfully
INFO: [runtcl-4] Executing : report_power -file wrapper_power_routed.rpt -pb wrapper_power_summary_routed.pb -rpx wrapper_power_routed.rpx
Command: report_power -file wrapper_power_routed.rpt -pb wrapper_power_summary_routed.pb -rpx wrapper_power_routed.rpx
INFO: [Timing 38-35] Done setting XDC timing constraints.
WARNING: [Power 33-232] No user defined clocks were found in the design! Power estimation will be inaccurate until this is corrected.
Resolution: Please specify clocks using create_clock/create_generated_clock for sequential elements. For pure combinatorial circuits, please specify a virtual clock, otherwise the vectorless estimation might be inaccurate
Running Vector-less Activity Propagation...

Finished Running Vector-less Activity Propagation
73 Infos, 2 Warnings, 0 Critical Warnings and 0 Errors encountered.
report_power completed successfully
INFO: [runtcl-4] Executing : report_route_status -file wrapper_route_status.rpt -pb wrapper_route_status.pb
INFO: [runtcl-4] Executing : report_timing_summary -max_paths 10 -report_unconstrained -file wrapper_timing_summary_routed.rpt -pb wrapper_timing_summary_routed.pb -rpx wrapper_timing_summary_routed.rpx -warn_on_violation 
INFO: [Timing 38-91] UpdateTimingParams: Speed grade: -1, Delay Type: min_max.
INFO: [Timing 38-191] Multithreading enabled for timing update using a maximum of 2 CPUs
WARNING: [Timing 38-313] There are no user specified timing constraints. Timing constraints are needed for proper timing analysis.
INFO: [runtcl-4] Executing : report_incremental_reuse -file wrapper_incremental_reuse_routed.rpt
INFO: [Vivado_Tcl 4-1062] Incremental flow is disabled. No incremental reuse Info to report.
INFO: [runtcl-4] Executing : report_clock_utilization -file wrapper_clock_utilization_routed.rpt
INFO: [runtcl-4] Executing : report_bus_skew -warn_on_violation -file wrapper_bus_skew_routed.rpt -pb wrapper_bus_skew_routed.pb -rpx wrapper_bus_skew_routed.rpx
INFO: [Timing 38-91] UpdateTimingParams: Speed grade: -1, Delay Type: min_max.
INFO: [Timing 38-191] Multithreading enabled for timing update using a maximum of 2 CPUs
Command: write_bitstream -force wrapper.bit
Attempting to get a license for feature 'Implementation' and/or device 'xc7z007s'
INFO: [Common 17-349] Got license for feature 'Implementation' and/or device 'xc7z007s'
Running DRC as a precondition to command write_bitstream
INFO: [IP_Flow 19-1839] IP Catalog is up to date.
INFO: [DRC 23-27] Running DRC with 2 threads
WARNING: [DRC ZPS7-1] PS7 block required: The PS7 cell must be used in this Zynq design in order to enable correct default configuration.
INFO: [Vivado 12-3199] DRC finished with 0 Errors, 1 Warnings
INFO: [Vivado 12-3200] Please refer to the DRC report (report_drc) for more information.
INFO: [Designutils 20-2272] Running write_bitstream with 2 threads.
Loading data files...
Loading site data...
Loading route data...
Processing options...
Creating bitmap...
Creating bitstream...
Writing bitstream ./wrapper.bit...
INFO: [Vivado 12-1842] Bitgen Completed Successfully.
INFO: [Project 1-1876] WebTalk data collection is mandatory when using a ULT device. To see the specific WebTalk data collected for your design, open the usage_statistics_webtalk.html or usage_statistics_webtalk.xml file in the implementation directory.
INFO: [Common 17-83] Releasing license: Implementation
12 Infos, 1 Warnings, 0 Critical Warnings and 0 Errors encountered.
write_bitstream completed successfully
write_bitstream: Time (s): cpu = 00:00:03 ; elapsed = 00:00:06 . Memory (MB): peak = 2938.984 ; gain = 432.535
INFO: [Common 17-206] Exiting Vivado at Wed Feb 22 19:29:36 2023...

*** Running vivado
    with args -log wrapper.vdi -applog -m64 -product Vivado -messageDb vivado.pb -mode batch -source wrapper.tcl -notrace



****** Vivado v2022.2 (64-bit)
  **** SW Build 3671981 on Fri Oct 14 05:00:03 MDT 2022
  **** IP Build 3669848 on Fri Oct 14 08:30:02 MDT 2022
    ** Copyright 1986-2022 Xilinx, Inc. All Rights Reserved.

source wrapper.tcl -notrace
Command: open_checkpoint wrapper_routed.dcp
INFO: [Device 21-403] Loading part xc7z007sclg400-1
Netlist sorting complete. Time (s): cpu = 00:00:00 ; elapsed = 00:00:00 . Memory (MB): peak = 1404.105 ; gain = 0.000
INFO: [Netlist 29-17] Analyzing 8 Unisim elements for replacement
INFO: [Netlist 29-28] Unisim Transformation completed in 0 CPU seconds
INFO: [Project 1-479] Netlist was created with Vivado 2022.2
INFO: [Project 1-570] Preparing netlist for logic optimization
INFO: [Timing 38-478] Restoring timing data from binary archive.
INFO: [Timing 38-479] Binary timing data restore complete.
INFO: [Project 1-856] Restoring constraints from binary archive.
INFO: [Project 1-853] Binary constraint restore complete.
Reading XDEF placement.
Reading placer database...
Reading XDEF routing.
Read XDEF Files: Time (s): cpu = 00:00:00 ; elapsed = 00:00:00.074 . Memory (MB): peak = 2064.230 ; gain = 15.555
Restored from archive | CPU: 0.000000 secs | Memory: 0.000000 MB |
Finished XDEF File Restore: Time (s): cpu = 00:00:00 ; elapsed = 00:00:00.074 . Memory (MB): peak = 2064.230 ; gain = 15.555
Netlist sorting complete. Time (s): cpu = 00:00:00 ; elapsed = 00:00:00 . Memory (MB): peak = 2064.230 ; gain = 0.000
INFO: [Project 1-111] Unisim Transformation Summary:
No Unisim elements were transformed.

INFO: [Project 1-604] Checkpoint was created with Vivado v2022.2 (64-bit) build 3671981
OpenCheckpoint Checksum | Checksum: 244e1c2ed
----- Checksum: PlaceDB: ed3563f0 ShapeSum: d28b90f0 RouteDB: 8520ce0d 
open_checkpoint: Time (s): cpu = 00:00:05 ; elapsed = 00:00:13 . Memory (MB): peak = 2064.230 ; gain = 1180.340
Command: write_bitstream -force wrapper.bit
Attempting to get a license for feature 'Implementation' and/or device 'xc7z007s'
INFO: [Common 17-349] Got license for feature 'Implementation' and/or device 'xc7z007s'
Running DRC as a precondition to command write_bitstream
INFO: [IP_Flow 19-234] Refreshing IP repositories
INFO: [IP_Flow 19-1704] No user IP repositories specified
INFO: [IP_Flow 19-2313] Loaded Vivado IP repository 'C:/EE214/Vivado/2022.2/data/ip'.
INFO: [DRC 23-27] Running DRC with 2 threads
WARNING: [DRC ZPS7-1] PS7 block required: The PS7 cell must be used in this Zynq design in order to enable correct default configuration.
INFO: [Vivado 12-3199] DRC finished with 0 Errors, 1 Warnings
INFO: [Vivado 12-3200] Please refer to the DRC report (report_drc) for more information.
INFO: [Designutils 20-2272] Running write_bitstream with 2 threads.
Loading data files...
Loading site data...
Loading route data...
Processing options...
Creating bitmap...
Creating bitstream...
Writing bitstream ./wrapper.bit...
INFO: [Vivado 12-1842] Bitgen Completed Successfully.
INFO: [Project 1-1876] WebTalk data collection is mandatory when using a ULT device. To see the specific WebTalk data collected for your design, open the usage_statistics_webtalk.html or usage_statistics_webtalk.xml file in the implementation directory.
INFO: [Common 17-83] Releasing license: Implementation
22 Infos, 1 Warnings, 0 Critical Warnings and 0 Errors encountered.
write_bitstream completed successfully
write_bitstream: Time (s): cpu = 00:00:02 ; elapsed = 00:00:08 . Memory (MB): peak = 2530.828 ; gain = 466.598
INFO: [Common 17-206] Exiting Vivado at Thu Feb 23 11:32:47 2023...
