
*** Running vivado
    with args -log wrapper.vdi -applog -m64 -product Vivado -messageDb vivado.pb -mode batch -source wrapper.tcl -notrace



****** Vivado v2022.2 (64-bit)
  **** SW Build 3671981 on Fri Oct 14 05:00:03 MDT 2022
  **** IP Build 3669848 on Fri Oct 14 08:30:02 MDT 2022
    ** Copyright 1986-2022 Xilinx, Inc. All Rights Reserved.

source wrapper.tcl -notrace
Command: link_design -top wrapper -part xc7z007sclg400-1
Design is defaulting to srcset: sources_1
Design is defaulting to constrset: constrs_1
INFO: [Device 21-403] Loading part xc7z007sclg400-1
Netlist sorting complete. Time (s): cpu = 00:00:00 ; elapsed = 00:00:00.001 . Memory (MB): peak = 1408.348 ; gain = 0.000
INFO: [Netlist 29-17] Analyzing 4 Unisim elements for replacement
INFO: [Netlist 29-28] Unisim Transformation completed in 0 CPU seconds
INFO: [Project 1-479] Netlist was created with Vivado 2022.2
INFO: [Project 1-570] Preparing netlist for logic optimization
Parsing XDC File [C:/Users/rojin/EE214/4-bit CLA/4-bit CLA.srcs/constrs_1/new/const.xdc]
WARNING: [Vivado 12-584] No ports matched 'led[0]'. [C:/Users/rojin/EE214/4-bit CLA/4-bit CLA.srcs/constrs_1/new/const.xdc:10]
CRITICAL WARNING: [Common 17-55] 'set_property' expects at least one object. [C:/Users/rojin/EE214/4-bit CLA/4-bit CLA.srcs/constrs_1/new/const.xdc:10]
Resolution: If [get_<value>] was used to populate the object, check to make sure this command returns at least one valid object.
WARNING: [Vivado 12-584] No ports matched 'led[1]'. [C:/Users/rojin/EE214/4-bit CLA/4-bit CLA.srcs/constrs_1/new/const.xdc:11]
CRITICAL WARNING: [Common 17-55] 'set_property' expects at least one object. [C:/Users/rojin/EE214/4-bit CLA/4-bit CLA.srcs/constrs_1/new/const.xdc:11]
Resolution: If [get_<value>] was used to populate the object, check to make sure this command returns at least one valid object.
WARNING: [Vivado 12-584] No ports matched 'led[2]'. [C:/Users/rojin/EE214/4-bit CLA/4-bit CLA.srcs/constrs_1/new/const.xdc:12]
CRITICAL WARNING: [Common 17-55] 'set_property' expects at least one object. [C:/Users/rojin/EE214/4-bit CLA/4-bit CLA.srcs/constrs_1/new/const.xdc:12]
Resolution: If [get_<value>] was used to populate the object, check to make sure this command returns at least one valid object.
WARNING: [Vivado 12-584] No ports matched 'led[3]'. [C:/Users/rojin/EE214/4-bit CLA/4-bit CLA.srcs/constrs_1/new/const.xdc:13]
CRITICAL WARNING: [Common 17-55] 'set_property' expects at least one object. [C:/Users/rojin/EE214/4-bit CLA/4-bit CLA.srcs/constrs_1/new/const.xdc:13]
Resolution: If [get_<value>] was used to populate the object, check to make sure this command returns at least one valid object.
WARNING: [Vivado 12-584] No ports matched 'led[4]'. [C:/Users/rojin/EE214/4-bit CLA/4-bit CLA.srcs/constrs_1/new/const.xdc:14]
CRITICAL WARNING: [Common 17-55] 'set_property' expects at least one object. [C:/Users/rojin/EE214/4-bit CLA/4-bit CLA.srcs/constrs_1/new/const.xdc:14]
Resolution: If [get_<value>] was used to populate the object, check to make sure this command returns at least one valid object.
WARNING: [Vivado 12-584] No ports matched 'led[5]'. [C:/Users/rojin/EE214/4-bit CLA/4-bit CLA.srcs/constrs_1/new/const.xdc:15]
CRITICAL WARNING: [Common 17-55] 'set_property' expects at least one object. [C:/Users/rojin/EE214/4-bit CLA/4-bit CLA.srcs/constrs_1/new/const.xdc:15]
Resolution: If [get_<value>] was used to populate the object, check to make sure this command returns at least one valid object.
WARNING: [Vivado 12-584] No ports matched 'led[6]'. [C:/Users/rojin/EE214/4-bit CLA/4-bit CLA.srcs/constrs_1/new/const.xdc:16]
CRITICAL WARNING: [Common 17-55] 'set_property' expects at least one object. [C:/Users/rojin/EE214/4-bit CLA/4-bit CLA.srcs/constrs_1/new/const.xdc:16]
Resolution: If [get_<value>] was used to populate the object, check to make sure this command returns at least one valid object.
WARNING: [Vivado 12-584] No ports matched 'led[7]'. [C:/Users/rojin/EE214/4-bit CLA/4-bit CLA.srcs/constrs_1/new/const.xdc:17]
CRITICAL WARNING: [Common 17-55] 'set_property' expects at least one object. [C:/Users/rojin/EE214/4-bit CLA/4-bit CLA.srcs/constrs_1/new/const.xdc:17]
Resolution: If [get_<value>] was used to populate the object, check to make sure this command returns at least one valid object.
WARNING: [Vivado 12-584] No ports matched 'led[8]'. [C:/Users/rojin/EE214/4-bit CLA/4-bit CLA.srcs/constrs_1/new/const.xdc:18]
CRITICAL WARNING: [Common 17-55] 'set_property' expects at least one object. [C:/Users/rojin/EE214/4-bit CLA/4-bit CLA.srcs/constrs_1/new/const.xdc:18]
Resolution: If [get_<value>] was used to populate the object, check to make sure this command returns at least one valid object.
WARNING: [Vivado 12-584] No ports matched 'led[9]'. [C:/Users/rojin/EE214/4-bit CLA/4-bit CLA.srcs/constrs_1/new/const.xdc:19]
CRITICAL WARNING: [Common 17-55] 'set_property' expects at least one object. [C:/Users/rojin/EE214/4-bit CLA/4-bit CLA.srcs/constrs_1/new/const.xdc:19]
Resolution: If [get_<value>] was used to populate the object, check to make sure this command returns at least one valid object.
WARNING: [Vivado 12-584] No ports matched 'RGB_led_A[0]'. [C:/Users/rojin/EE214/4-bit CLA/4-bit CLA.srcs/constrs_1/new/const.xdc:22]
CRITICAL WARNING: [Common 17-55] 'set_property' expects at least one object. [C:/Users/rojin/EE214/4-bit CLA/4-bit CLA.srcs/constrs_1/new/const.xdc:22]
Resolution: If [get_<value>] was used to populate the object, check to make sure this command returns at least one valid object.
WARNING: [Vivado 12-584] No ports matched 'RGB_led_A[1]'. [C:/Users/rojin/EE214/4-bit CLA/4-bit CLA.srcs/constrs_1/new/const.xdc:23]
CRITICAL WARNING: [Common 17-55] 'set_property' expects at least one object. [C:/Users/rojin/EE214/4-bit CLA/4-bit CLA.srcs/constrs_1/new/const.xdc:23]
Resolution: If [get_<value>] was used to populate the object, check to make sure this command returns at least one valid object.
WARNING: [Vivado 12-584] No ports matched 'RGB_led_A[2]'. [C:/Users/rojin/EE214/4-bit CLA/4-bit CLA.srcs/constrs_1/new/const.xdc:24]
CRITICAL WARNING: [Common 17-55] 'set_property' expects at least one object. [C:/Users/rojin/EE214/4-bit CLA/4-bit CLA.srcs/constrs_1/new/const.xdc:24]
Resolution: If [get_<value>] was used to populate the object, check to make sure this command returns at least one valid object.
WARNING: [Vivado 12-584] No ports matched 'RGB_led_B[0]'. [C:/Users/rojin/EE214/4-bit CLA/4-bit CLA.srcs/constrs_1/new/const.xdc:26]
CRITICAL WARNING: [Common 17-55] 'set_property' expects at least one object. [C:/Users/rojin/EE214/4-bit CLA/4-bit CLA.srcs/constrs_1/new/const.xdc:26]
Resolution: If [get_<value>] was used to populate the object, check to make sure this command returns at least one valid object.
WARNING: [Vivado 12-584] No ports matched 'RGB_led_B[1]'. [C:/Users/rojin/EE214/4-bit CLA/4-bit CLA.srcs/constrs_1/new/const.xdc:27]
CRITICAL WARNING: [Common 17-55] 'set_property' expects at least one object. [C:/Users/rojin/EE214/4-bit CLA/4-bit CLA.srcs/constrs_1/new/const.xdc:27]
Resolution: If [get_<value>] was used to populate the object, check to make sure this command returns at least one valid object.
WARNING: [Vivado 12-584] No ports matched 'RGB_led_B[2]'. [C:/Users/rojin/EE214/4-bit CLA/4-bit CLA.srcs/constrs_1/new/const.xdc:28]
CRITICAL WARNING: [Common 17-55] 'set_property' expects at least one object. [C:/Users/rojin/EE214/4-bit CLA/4-bit CLA.srcs/constrs_1/new/const.xdc:28]
Resolution: If [get_<value>] was used to populate the object, check to make sure this command returns at least one valid object.
WARNING: [Vivado 12-584] No ports matched 'sw[8]'. [C:/Users/rojin/EE214/4-bit CLA/4-bit CLA.srcs/constrs_1/new/const.xdc:39]
CRITICAL WARNING: [Common 17-55] 'set_property' expects at least one object. [C:/Users/rojin/EE214/4-bit CLA/4-bit CLA.srcs/constrs_1/new/const.xdc:39]
Resolution: If [get_<value>] was used to populate the object, check to make sure this command returns at least one valid object.
WARNING: [Vivado 12-584] No ports matched 'sw[9]'. [C:/Users/rojin/EE214/4-bit CLA/4-bit CLA.srcs/constrs_1/new/const.xdc:40]
CRITICAL WARNING: [Common 17-55] 'set_property' expects at least one object. [C:/Users/rojin/EE214/4-bit CLA/4-bit CLA.srcs/constrs_1/new/const.xdc:40]
Resolution: If [get_<value>] was used to populate the object, check to make sure this command returns at least one valid object.
WARNING: [Vivado 12-584] No ports matched 'sw[10]'. [C:/Users/rojin/EE214/4-bit CLA/4-bit CLA.srcs/constrs_1/new/const.xdc:41]
CRITICAL WARNING: [Common 17-55] 'set_property' expects at least one object. [C:/Users/rojin/EE214/4-bit CLA/4-bit CLA.srcs/constrs_1/new/const.xdc:41]
Resolution: If [get_<value>] was used to populate the object, check to make sure this command returns at least one valid object.
WARNING: [Vivado 12-584] No ports matched 'sw[11]'. [C:/Users/rojin/EE214/4-bit CLA/4-bit CLA.srcs/constrs_1/new/const.xdc:42]
CRITICAL WARNING: [Common 17-55] 'set_property' expects at least one object. [C:/Users/rojin/EE214/4-bit CLA/4-bit CLA.srcs/constrs_1/new/const.xdc:42]
Resolution: If [get_<value>] was used to populate the object, check to make sure this command returns at least one valid object.
WARNING: [Vivado 12-584] No ports matched 'btn[1]'. [C:/Users/rojin/EE214/4-bit CLA/4-bit CLA.srcs/constrs_1/new/const.xdc:46]
CRITICAL WARNING: [Common 17-55] 'set_property' expects at least one object. [C:/Users/rojin/EE214/4-bit CLA/4-bit CLA.srcs/constrs_1/new/const.xdc:46]
Resolution: If [get_<value>] was used to populate the object, check to make sure this command returns at least one valid object.
WARNING: [Vivado 12-584] No ports matched 'btn[2]'. [C:/Users/rojin/EE214/4-bit CLA/4-bit CLA.srcs/constrs_1/new/const.xdc:47]
CRITICAL WARNING: [Common 17-55] 'set_property' expects at least one object. [C:/Users/rojin/EE214/4-bit CLA/4-bit CLA.srcs/constrs_1/new/const.xdc:47]
Resolution: If [get_<value>] was used to populate the object, check to make sure this command returns at least one valid object.
WARNING: [Vivado 12-584] No ports matched 'btn[3]'. [C:/Users/rojin/EE214/4-bit CLA/4-bit CLA.srcs/constrs_1/new/const.xdc:48]
CRITICAL WARNING: [Common 17-55] 'set_property' expects at least one object. [C:/Users/rojin/EE214/4-bit CLA/4-bit CLA.srcs/constrs_1/new/const.xdc:48]
Resolution: If [get_<value>] was used to populate the object, check to make sure this command returns at least one valid object.
WARNING: [Vivado 12-584] No ports matched 'seg_cat[7]'. [C:/Users/rojin/EE214/4-bit CLA/4-bit CLA.srcs/constrs_1/new/const.xdc:64]
CRITICAL WARNING: [Common 17-55] 'set_property' expects at least one object. [C:/Users/rojin/EE214/4-bit CLA/4-bit CLA.srcs/constrs_1/new/const.xdc:64]
Resolution: If [get_<value>] was used to populate the object, check to make sure this command returns at least one valid object.
Finished Parsing XDC File [C:/Users/rojin/EE214/4-bit CLA/4-bit CLA.srcs/constrs_1/new/const.xdc]
INFO: [Opt 31-138] Pushed 0 inverter(s) to 0 load pin(s).
Netlist sorting complete. Time (s): cpu = 00:00:00 ; elapsed = 00:00:00 . Memory (MB): peak = 1541.836 ; gain = 0.000
INFO: [Project 1-111] Unisim Transformation Summary:
No Unisim elements were transformed.

7 Infos, 24 Warnings, 24 Critical Warnings and 0 Errors encountered.
link_design completed successfully
Command: opt_design
Attempting to get a license for feature 'Implementation' and/or device 'xc7z007s'
INFO: [Common 17-349] Got license for feature 'Implementation' and/or device 'xc7z007s'
Running DRC as a precondition to command opt_design

Starting DRC Task
INFO: [DRC 23-27] Running DRC with 2 threads
INFO: [Project 1-461] DRC finished with 0 Errors
INFO: [Project 1-462] Please refer to the DRC report (report_drc) for more information.

Time (s): cpu = 00:00:01 ; elapsed = 00:00:00.690 . Memory (MB): peak = 1564.824 ; gain = 18.949

Starting Cache Timing Information Task
INFO: [Timing 38-35] Done setting XDC timing constraints.
Ending Cache Timing Information Task | Checksum: 23e6fcdc3

Time (s): cpu = 00:00:03 ; elapsed = 00:00:05 . Memory (MB): peak = 2084.441 ; gain = 519.617

Starting Logic Optimization Task

Phase 1 Retarget
INFO: [Opt 31-138] Pushed 0 inverter(s) to 0 load pin(s).
INFO: [Opt 31-49] Retargeted 0 cell(s).
Phase 1 Retarget | Checksum: 1a3d37519

Time (s): cpu = 00:00:00 ; elapsed = 00:00:00.013 . Memory (MB): peak = 2422.660 ; gain = 0.000
INFO: [Opt 31-389] Phase Retarget created 0 cells and removed 10 cells

Phase 2 Constant propagation
INFO: [Opt 31-138] Pushed 0 inverter(s) to 0 load pin(s).
Phase 2 Constant propagation | Checksum: 1a3d37519

Time (s): cpu = 00:00:00 ; elapsed = 00:00:00.013 . Memory (MB): peak = 2422.660 ; gain = 0.000
INFO: [Opt 31-389] Phase Constant propagation created 0 cells and removed 0 cells

Phase 3 Sweep
Phase 3 Sweep | Checksum: 203762255

Time (s): cpu = 00:00:00 ; elapsed = 00:00:00.015 . Memory (MB): peak = 2422.660 ; gain = 0.000
INFO: [Opt 31-389] Phase Sweep created 0 cells and removed 0 cells

Phase 4 BUFG optimization
Phase 4 BUFG optimization | Checksum: 203762255

Time (s): cpu = 00:00:00 ; elapsed = 00:00:00.035 . Memory (MB): peak = 2422.660 ; gain = 0.000
INFO: [Opt 31-662] Phase BUFG optimization created 0 cells of which 0 are BUFGs and removed 0 cells.

Phase 5 Shift Register Optimization
INFO: [Opt 31-1064] SRL Remap converted 0 SRLs to 0 registers and converted 0 registers of register chains to 0 SRLs
Phase 5 Shift Register Optimization | Checksum: 203762255

Time (s): cpu = 00:00:00 ; elapsed = 00:00:00.036 . Memory (MB): peak = 2422.660 ; gain = 0.000
INFO: [Opt 31-389] Phase Shift Register Optimization created 0 cells and removed 0 cells

Phase 6 Post Processing Netlist
Phase 6 Post Processing Netlist | Checksum: 203762255

Time (s): cpu = 00:00:00 ; elapsed = 00:00:00.036 . Memory (MB): peak = 2422.660 ; gain = 0.000
INFO: [Opt 31-389] Phase Post Processing Netlist created 0 cells and removed 0 cells
Opt_design Change Summary
=========================


-------------------------------------------------------------------------------------------------------------------------
|  Phase                        |  #Cells created  |  #Cells Removed  |  #Constrained objects preventing optimizations  |
-------------------------------------------------------------------------------------------------------------------------
|  Retarget                     |               0  |              10  |                                              0  |
|  Constant propagation         |               0  |               0  |                                              0  |
|  Sweep                        |               0  |               0  |                                              0  |
|  BUFG optimization            |               0  |               0  |                                              0  |
|  Shift Register Optimization  |               0  |               0  |                                              0  |
|  Post Processing Netlist      |               0  |               0  |                                              0  |
-------------------------------------------------------------------------------------------------------------------------



Starting Connectivity Check Task

Time (s): cpu = 00:00:00 ; elapsed = 00:00:00 . Memory (MB): peak = 2422.660 ; gain = 0.000
Ending Logic Optimization Task | Checksum: 20e353647

Time (s): cpu = 00:00:00 ; elapsed = 00:00:00.039 . Memory (MB): peak = 2422.660 ; gain = 0.000

Starting Power Optimization Task
INFO: [Pwropt 34-132] Skipping clock gating for clocks with a period < 2.00 ns.
Ending Power Optimization Task | Checksum: 20e353647

Time (s): cpu = 00:00:00 ; elapsed = 00:00:00.006 . Memory (MB): peak = 2422.660 ; gain = 0.000

Starting Final Cleanup Task
Ending Final Cleanup Task | Checksum: 20e353647

Time (s): cpu = 00:00:00 ; elapsed = 00:00:00 . Memory (MB): peak = 2422.660 ; gain = 0.000

Starting Netlist Obfuscation Task
Netlist sorting complete. Time (s): cpu = 00:00:00 ; elapsed = 00:00:00 . Memory (MB): peak = 2422.660 ; gain = 0.000
Ending Netlist Obfuscation Task | Checksum: 20e353647

Time (s): cpu = 00:00:00 ; elapsed = 00:00:00 . Memory (MB): peak = 2422.660 ; gain = 0.000
INFO: [Common 17-83] Releasing license: Implementation
24 Infos, 24 Warnings, 24 Critical Warnings and 0 Errors encountered.
opt_design completed successfully
opt_design: Time (s): cpu = 00:00:05 ; elapsed = 00:00:07 . Memory (MB): peak = 2422.660 ; gain = 876.785
INFO: [Timing 38-480] Writing timing data to binary archive.
Writing XDEF routing.
Writing XDEF routing logical nets.
Writing XDEF routing special nets.
Write XDEF Complete: Time (s): cpu = 00:00:00 ; elapsed = 00:00:00.032 . Memory (MB): peak = 2422.660 ; gain = 0.000
INFO: [Common 17-1381] The checkpoint 'C:/Users/rojin/EE214/4-bit CLA/4-bit CLA.runs/impl_1/wrapper_opt.dcp' has been generated.
INFO: [runtcl-4] Executing : report_drc -file wrapper_drc_opted.rpt -pb wrapper_drc_opted.pb -rpx wrapper_drc_opted.rpx
Command: report_drc -file wrapper_drc_opted.rpt -pb wrapper_drc_opted.pb -rpx wrapper_drc_opted.rpx
INFO: [IP_Flow 19-234] Refreshing IP repositories
INFO: [IP_Flow 19-1704] No user IP repositories specified
INFO: [IP_Flow 19-2313] Loaded Vivado IP repository 'C:/EE214/Vivado/2022.2/data/ip'.
INFO: [DRC 23-27] Running DRC with 2 threads
INFO: [Vivado_Tcl 2-168] The results of DRC are in file C:/Users/rojin/EE214/4-bit CLA/4-bit CLA.runs/impl_1/wrapper_drc_opted.rpt.
report_drc completed successfully
Command: place_design
Attempting to get a license for feature 'Implementation' and/or device 'xc7z007s'
INFO: [Common 17-349] Got license for feature 'Implementation' and/or device 'xc7z007s'
INFO: [DRC 23-27] Running DRC with 2 threads
INFO: [Vivado_Tcl 4-198] DRC finished with 0 Errors
INFO: [Vivado_Tcl 4-199] Please refer to the DRC report (report_drc) for more information.
Running DRC as a precondition to command place_design
INFO: [DRC 23-27] Running DRC with 2 threads
INFO: [Vivado_Tcl 4-198] DRC finished with 0 Errors
INFO: [Vivado_Tcl 4-199] Please refer to the DRC report (report_drc) for more information.

Starting Placer Task
INFO: [Place 30-611] Multithreading enabled for place_design using a maximum of 2 CPUs

Phase 1 Placer Initialization

Phase 1.1 Placer Initialization Netlist Sorting
Netlist sorting complete. Time (s): cpu = 00:00:00 ; elapsed = 00:00:00.001 . Memory (MB): peak = 2422.660 ; gain = 0.000
Phase 1.1 Placer Initialization Netlist Sorting | Checksum: 17f314a58

Time (s): cpu = 00:00:00 ; elapsed = 00:00:00.005 . Memory (MB): peak = 2422.660 ; gain = 0.000
Netlist sorting complete. Time (s): cpu = 00:00:00 ; elapsed = 00:00:00 . Memory (MB): peak = 2422.660 ; gain = 0.000

Phase 1.2 IO Placement/ Clock Placement/ Build Placer Device
INFO: [Timing 38-35] Done setting XDC timing constraints.
Phase 1.2 IO Placement/ Clock Placement/ Build Placer Device | Checksum: 65d8f163

Time (s): cpu = 00:00:00 ; elapsed = 00:00:00.078 . Memory (MB): peak = 2422.660 ; gain = 0.000

Phase 1.3 Build Placer Netlist Model
Phase 1.3 Build Placer Netlist Model | Checksum: 1204a0de6

Time (s): cpu = 00:00:00 ; elapsed = 00:00:00.121 . Memory (MB): peak = 2422.660 ; gain = 0.000

Phase 1.4 Constrain Clocks/Macros
Phase 1.4 Constrain Clocks/Macros | Checksum: 1204a0de6

Time (s): cpu = 00:00:00 ; elapsed = 00:00:00.122 . Memory (MB): peak = 2422.660 ; gain = 0.000
Phase 1 Placer Initialization | Checksum: 1204a0de6

Time (s): cpu = 00:00:00 ; elapsed = 00:00:00.123 . Memory (MB): peak = 2422.660 ; gain = 0.000

Phase 2 Global Placement

Phase 2.1 Floorplanning
Phase 2.1 Floorplanning | Checksum: 980dfe5c

Time (s): cpu = 00:00:00 ; elapsed = 00:00:00.179 . Memory (MB): peak = 2422.660 ; gain = 0.000

Phase 2.2 Update Timing before SLR Path Opt
Phase 2.2 Update Timing before SLR Path Opt | Checksum: c7310937

Time (s): cpu = 00:00:00 ; elapsed = 00:00:00.207 . Memory (MB): peak = 2422.660 ; gain = 0.000

Phase 2.3 Post-Processing in Floorplanning
Phase 2.3 Post-Processing in Floorplanning | Checksum: c7310937

Time (s): cpu = 00:00:00 ; elapsed = 00:00:00.207 . Memory (MB): peak = 2422.660 ; gain = 0.000

Phase 2.4 Global Placement Core

Phase 2.4.1 UpdateTiming Before Physical Synthesis
Phase 2.4.1 UpdateTiming Before Physical Synthesis | Checksum: 8adbeecf

Time (s): cpu = 00:00:00 ; elapsed = 00:00:00.572 . Memory (MB): peak = 2422.660 ; gain = 0.000

Phase 2.4.2 Physical Synthesis In Placer
INFO: [Physopt 32-1044] Break lutnm for timing: one critical 0, two critical 0, total 0, new lutff created 0
INFO: [Physopt 32-1138] End 1 Pass. Optimized 0 net or LUT. Breaked 0 LUT, combined 0 existing LUT and moved 0 existing LUT
INFO: [Physopt 32-65] No nets found for high-fanout optimization.
INFO: [Physopt 32-232] Optimized 0 net. Created 0 new instance.
INFO: [Physopt 32-775] End 1 Pass. Optimized 0 net or cell. Created 0 new cell, deleted 0 existing cell and moved 0 existing cell
INFO: [Physopt 32-670] No setup violation found.  DSP Register Optimization was not performed.
INFO: [Physopt 32-670] No setup violation found.  Shift Register to Pipeline Optimization was not performed.
INFO: [Physopt 32-670] No setup violation found.  Shift Register Optimization was not performed.
INFO: [Physopt 32-670] No setup violation found.  BRAM Register Optimization was not performed.
INFO: [Physopt 32-670] No setup violation found.  URAM Register Optimization was not performed.
INFO: [Physopt 32-949] No candidate nets found for dynamic/static region interface net replication
INFO: [Physopt 32-775] End 1 Pass. Optimized 0 net or cell. Created 0 new cell, deleted 0 existing cell and moved 0 existing cell
Netlist sorting complete. Time (s): cpu = 00:00:00 ; elapsed = 00:00:00 . Memory (MB): peak = 2422.660 ; gain = 0.000

Summary of Physical Synthesis Optimizations
============================================


-----------------------------------------------------------------------------------------------------------------------------------------------------------
|  Optimization                                     |  Added Cells  |  Removed Cells  |  Optimized Cells/Nets  |  Dont Touch  |  Iterations  |  Elapsed   |
-----------------------------------------------------------------------------------------------------------------------------------------------------------
|  LUT Combining                                    |            0  |              0  |                     0  |           0  |           1  |  00:00:00  |
|  Retime                                           |            0  |              0  |                     0  |           0  |           1  |  00:00:00  |
|  Very High Fanout                                 |            0  |              0  |                     0  |           0  |           1  |  00:00:00  |
|  DSP Register                                     |            0  |              0  |                     0  |           0  |           0  |  00:00:00  |
|  Shift Register to Pipeline                       |            0  |              0  |                     0  |           0  |           0  |  00:00:00  |
|  Shift Register                                   |            0  |              0  |                     0  |           0  |           0  |  00:00:00  |
|  BRAM Register                                    |            0  |              0  |                     0  |           0  |           0  |  00:00:00  |
|  URAM Register                                    |            0  |              0  |                     0  |           0  |           0  |  00:00:00  |
|  Dynamic/Static Region Interface Net Replication  |            0  |              0  |                     0  |           0  |           1  |  00:00:00  |
|  Total                                            |            0  |              0  |                     0  |           0  |           4  |  00:00:00  |
-----------------------------------------------------------------------------------------------------------------------------------------------------------


Phase 2.4.2 Physical Synthesis In Placer | Checksum: 8adbeecf

Time (s): cpu = 00:00:00 ; elapsed = 00:00:00.598 . Memory (MB): peak = 2422.660 ; gain = 0.000
Phase 2.4 Global Placement Core | Checksum: cabb05a7

Time (s): cpu = 00:00:00 ; elapsed = 00:00:00.606 . Memory (MB): peak = 2422.660 ; gain = 0.000
Phase 2 Global Placement | Checksum: cabb05a7

Time (s): cpu = 00:00:00 ; elapsed = 00:00:00.607 . Memory (MB): peak = 2422.660 ; gain = 0.000

Phase 3 Detail Placement

Phase 3.1 Commit Multi Column Macros
Phase 3.1 Commit Multi Column Macros | Checksum: 15f937cb5

Time (s): cpu = 00:00:00 ; elapsed = 00:00:00.636 . Memory (MB): peak = 2422.660 ; gain = 0.000

Phase 3.2 Commit Most Macros & LUTRAMs
Phase 3.2 Commit Most Macros & LUTRAMs | Checksum: a1e171a7

Time (s): cpu = 00:00:00 ; elapsed = 00:00:00.692 . Memory (MB): peak = 2422.660 ; gain = 0.000

Phase 3.3 Area Swap Optimization
Phase 3.3 Area Swap Optimization | Checksum: 1165e7e0c

Time (s): cpu = 00:00:00 ; elapsed = 00:00:00.694 . Memory (MB): peak = 2422.660 ; gain = 0.000

Phase 3.4 Pipeline Register Optimization
Phase 3.4 Pipeline Register Optimization | Checksum: d7f85b74

Time (s): cpu = 00:00:00 ; elapsed = 00:00:00.695 . Memory (MB): peak = 2422.660 ; gain = 0.000

Phase 3.5 Small Shape Detail Placement
Phase 3.5 Small Shape Detail Placement | Checksum: 6a232d0d

Time (s): cpu = 00:00:00 ; elapsed = 00:00:00.730 . Memory (MB): peak = 2422.660 ; gain = 0.000

Phase 3.6 Re-assign LUT pins
Phase 3.6 Re-assign LUT pins | Checksum: e23e8707

Time (s): cpu = 00:00:00 ; elapsed = 00:00:00.733 . Memory (MB): peak = 2422.660 ; gain = 0.000

Phase 3.7 Pipeline Register Optimization
Phase 3.7 Pipeline Register Optimization | Checksum: 19ca3a46f

Time (s): cpu = 00:00:00 ; elapsed = 00:00:00.733 . Memory (MB): peak = 2422.660 ; gain = 0.000
Phase 3 Detail Placement | Checksum: 19ca3a46f

Time (s): cpu = 00:00:00 ; elapsed = 00:00:00.734 . Memory (MB): peak = 2422.660 ; gain = 0.000

Phase 4 Post Placement Optimization and Clean-Up

Phase 4.1 Post Commit Optimization
INFO: [Timing 38-35] Done setting XDC timing constraints.

Phase 4.1.1 Post Placement Optimization
Post Placement Optimization Initialization | Checksum: f43226ea

Phase 4.1.1.1 BUFG Insertion

Starting Physical Synthesis Task

Phase 1 Physical Synthesis Initialization
INFO: [Physopt 32-721] Multithreading enabled for phys_opt_design using a maximum of 2 CPUs
INFO: [Physopt 32-619] Estimated Timing Summary | WNS=6.560 | TNS=0.000 |
Phase 1 Physical Synthesis Initialization | Checksum: 103cad866

Time (s): cpu = 00:00:00 ; elapsed = 00:00:00.005 . Memory (MB): peak = 2422.660 ; gain = 0.000
INFO: [Place 46-56] BUFG insertion identified 0 candidate nets. Inserted BUFG: 0, Replicated BUFG Driver: 0, Skipped due to Placement/Routing Conflicts: 0, Skipped due to Timing Degradation: 0, Skipped due to Illegal Netlist: 0.
Ending Physical Synthesis Task | Checksum: 135ec1b46

Time (s): cpu = 00:00:00 ; elapsed = 00:00:00.006 . Memory (MB): peak = 2422.660 ; gain = 0.000
Phase 4.1.1.1 BUFG Insertion | Checksum: f43226ea

Time (s): cpu = 00:00:00 ; elapsed = 00:00:00.768 . Memory (MB): peak = 2422.660 ; gain = 0.000

Phase 4.1.1.2 Post Placement Timing Optimization
INFO: [Place 30-746] Post Placement Timing Summary WNS=6.560. For the most accurate timing information please run report_timing.
Phase 4.1.1.2 Post Placement Timing Optimization | Checksum: 193b62609

Time (s): cpu = 00:00:00 ; elapsed = 00:00:00.770 . Memory (MB): peak = 2422.660 ; gain = 0.000

Time (s): cpu = 00:00:00 ; elapsed = 00:00:00.770 . Memory (MB): peak = 2422.660 ; gain = 0.000
Phase 4.1 Post Commit Optimization | Checksum: 193b62609

Time (s): cpu = 00:00:00 ; elapsed = 00:00:00.770 . Memory (MB): peak = 2422.660 ; gain = 0.000

Phase 4.2 Post Placement Cleanup
Phase 4.2 Post Placement Cleanup | Checksum: 193b62609

Time (s): cpu = 00:00:00 ; elapsed = 00:00:00.772 . Memory (MB): peak = 2422.660 ; gain = 0.000

Phase 4.3 Placer Reporting

Phase 4.3.1 Print Estimated Congestion
INFO: [Place 30-612] Post-Placement Estimated Congestion 
 ____________________________________________________
|           | Global Congestion | Short Congestion  |
| Direction | Region Size       | Region Size       |
|___________|___________________|___________________|
|      North|                1x1|                1x1|
|___________|___________________|___________________|
|      South|                1x1|                1x1|
|___________|___________________|___________________|
|       East|                1x1|                1x1|
|___________|___________________|___________________|
|       West|                1x1|                1x1|
|___________|___________________|___________________|

Phase 4.3.1 Print Estimated Congestion | Checksum: 193b62609

Time (s): cpu = 00:00:00 ; elapsed = 00:00:00.772 . Memory (MB): peak = 2422.660 ; gain = 0.000
Phase 4.3 Placer Reporting | Checksum: 193b62609

Time (s): cpu = 00:00:00 ; elapsed = 00:00:00.772 . Memory (MB): peak = 2422.660 ; gain = 0.000

Phase 4.4 Final Placement Cleanup
Netlist sorting complete. Time (s): cpu = 00:00:00 ; elapsed = 00:00:00 . Memory (MB): peak = 2422.660 ; gain = 0.000

Time (s): cpu = 00:00:00 ; elapsed = 00:00:00.774 . Memory (MB): peak = 2422.660 ; gain = 0.000
Phase 4 Post Placement Optimization and Clean-Up | Checksum: 21aff1d83

Time (s): cpu = 00:00:00 ; elapsed = 00:00:00.774 . Memory (MB): peak = 2422.660 ; gain = 0.000
Ending Placer Task | Checksum: 12e3126d1

Time (s): cpu = 00:00:00 ; elapsed = 00:00:00.774 . Memory (MB): peak = 2422.660 ; gain = 0.000
INFO: [Common 17-83] Releasing license: Implementation
60 Infos, 24 Warnings, 24 Critical Warnings and 0 Errors encountered.
place_design completed successfully
INFO: [Timing 38-480] Writing timing data to binary archive.
Writing XDEF routing.
Writing XDEF routing logical nets.
Writing XDEF routing special nets.
Write XDEF Complete: Time (s): cpu = 00:00:00 ; elapsed = 00:00:00.033 . Memory (MB): peak = 2422.660 ; gain = 0.000
INFO: [Common 17-1381] The checkpoint 'C:/Users/rojin/EE214/4-bit CLA/4-bit CLA.runs/impl_1/wrapper_placed.dcp' has been generated.
INFO: [runtcl-4] Executing : report_io -file wrapper_io_placed.rpt
report_io: Time (s): cpu = 00:00:00 ; elapsed = 00:00:00.040 . Memory (MB): peak = 2422.660 ; gain = 0.000
INFO: [runtcl-4] Executing : report_utilization -file wrapper_utilization_placed.rpt -pb wrapper_utilization_placed.pb
INFO: [runtcl-4] Executing : report_control_sets -verbose -file wrapper_control_sets_placed.rpt
report_control_sets: Time (s): cpu = 00:00:00 ; elapsed = 00:00:00.001 . Memory (MB): peak = 2422.660 ; gain = 0.000
Command: phys_opt_design
Attempting to get a license for feature 'Implementation' and/or device 'xc7z007s'
INFO: [Common 17-349] Got license for feature 'Implementation' and/or device 'xc7z007s'

Starting Initial Update Timing Task

Time (s): cpu = 00:00:00 ; elapsed = 00:00:00.014 . Memory (MB): peak = 2422.660 ; gain = 0.000
INFO: [Vivado_Tcl 4-383] Design worst setup slack (WNS) is greater than or equal to 0.000 ns. Skipping all physical synthesis optimizations.
INFO: [Vivado_Tcl 4-232] No setup violation found. The netlist was not modified.
INFO: [Common 17-83] Releasing license: Implementation
69 Infos, 24 Warnings, 24 Critical Warnings and 0 Errors encountered.
phys_opt_design completed successfully
INFO: [Timing 38-480] Writing timing data to binary archive.
Writing XDEF routing.
Writing XDEF routing logical nets.
Writing XDEF routing special nets.
Write XDEF Complete: Time (s): cpu = 00:00:00 ; elapsed = 00:00:00.035 . Memory (MB): peak = 2436.590 ; gain = 13.930
INFO: [Common 17-1381] The checkpoint 'C:/Users/rojin/EE214/4-bit CLA/4-bit CLA.runs/impl_1/wrapper_physopt.dcp' has been generated.
Command: route_design
Attempting to get a license for feature 'Implementation' and/or device 'xc7z007s'
INFO: [Common 17-349] Got license for feature 'Implementation' and/or device 'xc7z007s'
Running DRC as a precondition to command route_design
INFO: [DRC 23-27] Running DRC with 2 threads
INFO: [Vivado_Tcl 4-198] DRC finished with 0 Errors
INFO: [Vivado_Tcl 4-199] Please refer to the DRC report (report_drc) for more information.


Starting Routing Task
INFO: [Route 35-254] Multithreading enabled for route_design using a maximum of 2 CPUs

Phase 1 Build RT Design
Checksum: PlaceDB: 7f6b3a73 ConstDB: 0 ShapeSum: aec5ec5e RouteDB: 0
Post Restoration Checksum: NetGraph: 2c36906b NumContArr: 50383cc0 Constraints: 0 Timing: 0
Phase 1 Build RT Design | Checksum: 7c6ecd2b

Time (s): cpu = 00:00:05 ; elapsed = 00:00:08 . Memory (MB): peak = 2472.203 ; gain = 25.523

Phase 2 Router Initialization

Phase 2.1 Fix Topology Constraints
Phase 2.1 Fix Topology Constraints | Checksum: 7c6ecd2b

Time (s): cpu = 00:00:05 ; elapsed = 00:00:08 . Memory (MB): peak = 2478.211 ; gain = 31.531

Phase 2.2 Pre Route Cleanup
Phase 2.2 Pre Route Cleanup | Checksum: 7c6ecd2b

Time (s): cpu = 00:00:05 ; elapsed = 00:00:08 . Memory (MB): peak = 2478.211 ; gain = 31.531
 Number of Nodes with overlaps = 0

Phase 2.3 Update Timing
Phase 2.3 Update Timing | Checksum: 1804cb440

Time (s): cpu = 00:00:05 ; elapsed = 00:00:08 . Memory (MB): peak = 2480.895 ; gain = 34.215
INFO: [Route 35-416] Intermediate Timing Summary | WNS=6.465  | TNS=0.000  | WHS=-0.066 | THS=-0.169 |


Router Utilization Summary
  Global Vertical Routing Utilization    = 0 %
  Global Horizontal Routing Utilization  = 0.000229779 %
  Routable Net Status*
  *Does not include unroutable nets such as driverless and loadless.
  Run report_route_status for detailed report.
  Number of Failed Nets               = 49
    (Failed Nets is the sum of unrouted and partially routed nets)
  Number of Unrouted Nets             = 48
  Number of Partially Routed Nets     = 1
  Number of Node Overlaps             = 0

Phase 2 Router Initialization | Checksum: 1cd17415f

Time (s): cpu = 00:00:05 ; elapsed = 00:00:08 . Memory (MB): peak = 2481.637 ; gain = 34.957

Phase 3 Initial Routing

Phase 3.1 Global Routing
Phase 3.1 Global Routing | Checksum: 1cd17415f

Time (s): cpu = 00:00:05 ; elapsed = 00:00:08 . Memory (MB): peak = 2481.637 ; gain = 34.957
Phase 3 Initial Routing | Checksum: 1ec5af149

Time (s): cpu = 00:00:05 ; elapsed = 00:00:08 . Memory (MB): peak = 2481.637 ; gain = 34.957

Phase 4 Rip-up And Reroute

Phase 4.1 Global Iteration 0
 Number of Nodes with overlaps = 5
 Number of Nodes with overlaps = 0
INFO: [Route 35-416] Intermediate Timing Summary | WNS=6.180  | TNS=0.000  | WHS=N/A    | THS=N/A    |

Phase 4.1 Global Iteration 0 | Checksum: e9eb3ae3

Time (s): cpu = 00:00:05 ; elapsed = 00:00:08 . Memory (MB): peak = 2481.637 ; gain = 34.957
Phase 4 Rip-up And Reroute | Checksum: e9eb3ae3

Time (s): cpu = 00:00:05 ; elapsed = 00:00:08 . Memory (MB): peak = 2481.637 ; gain = 34.957

Phase 5 Delay and Skew Optimization

Phase 5.1 Delay CleanUp
Phase 5.1 Delay CleanUp | Checksum: e9eb3ae3

Time (s): cpu = 00:00:05 ; elapsed = 00:00:08 . Memory (MB): peak = 2481.637 ; gain = 34.957

Phase 5.2 Clock Skew Optimization
Phase 5.2 Clock Skew Optimization | Checksum: e9eb3ae3

Time (s): cpu = 00:00:05 ; elapsed = 00:00:08 . Memory (MB): peak = 2481.637 ; gain = 34.957
Phase 5 Delay and Skew Optimization | Checksum: e9eb3ae3

Time (s): cpu = 00:00:05 ; elapsed = 00:00:08 . Memory (MB): peak = 2481.637 ; gain = 34.957

Phase 6 Post Hold Fix

Phase 6.1 Hold Fix Iter

Phase 6.1.1 Update Timing
Phase 6.1.1 Update Timing | Checksum: bbef39bc

Time (s): cpu = 00:00:05 ; elapsed = 00:00:08 . Memory (MB): peak = 2481.637 ; gain = 34.957
INFO: [Route 35-416] Intermediate Timing Summary | WNS=6.333  | TNS=0.000  | WHS=0.211  | THS=0.000  |

Phase 6.1 Hold Fix Iter | Checksum: bbef39bc

Time (s): cpu = 00:00:05 ; elapsed = 00:00:08 . Memory (MB): peak = 2481.637 ; gain = 34.957
Phase 6 Post Hold Fix | Checksum: bbef39bc

Time (s): cpu = 00:00:05 ; elapsed = 00:00:08 . Memory (MB): peak = 2481.637 ; gain = 34.957

Phase 7 Route finalize

Router Utilization Summary
  Global Vertical Routing Utilization    = 0.0650338 %
  Global Horizontal Routing Utilization  = 0.0204504 %
  Routable Net Status*
  *Does not include unroutable nets such as driverless and loadless.
  Run report_route_status for detailed report.
  Number of Failed Nets               = 0
    (Failed Nets is the sum of unrouted and partially routed nets)
  Number of Unrouted Nets             = 0
  Number of Partially Routed Nets     = 0
  Number of Node Overlaps             = 0

Phase 7 Route finalize | Checksum: bbef39bc

Time (s): cpu = 00:00:05 ; elapsed = 00:00:08 . Memory (MB): peak = 2481.637 ; gain = 34.957

Phase 8 Verifying routed nets

 Verification completed successfully
Phase 8 Verifying routed nets | Checksum: bbef39bc

Time (s): cpu = 00:00:05 ; elapsed = 00:00:08 . Memory (MB): peak = 2482.676 ; gain = 35.996

Phase 9 Depositing Routes
Phase 9 Depositing Routes | Checksum: cc31e31e

Time (s): cpu = 00:00:05 ; elapsed = 00:00:08 . Memory (MB): peak = 2482.676 ; gain = 35.996

Phase 10 Post Router Timing
INFO: [Route 35-57] Estimated Timing Summary | WNS=6.333  | TNS=0.000  | WHS=0.211  | THS=0.000  |

INFO: [Route 35-327] The final timing numbers are based on the router estimated timing analysis. For a complete and accurate timing signoff, please run report_timing_summary.
Phase 10 Post Router Timing | Checksum: cc31e31e

Time (s): cpu = 00:00:05 ; elapsed = 00:00:08 . Memory (MB): peak = 2482.676 ; gain = 35.996
INFO: [Route 35-16] Router Completed Successfully

Time (s): cpu = 00:00:05 ; elapsed = 00:00:08 . Memory (MB): peak = 2482.676 ; gain = 35.996

Routing Is Done.
INFO: [Common 17-83] Releasing license: Implementation
83 Infos, 24 Warnings, 24 Critical Warnings and 0 Errors encountered.
route_design completed successfully
route_design: Time (s): cpu = 00:00:05 ; elapsed = 00:00:09 . Memory (MB): peak = 2482.676 ; gain = 46.086
INFO: [Timing 38-480] Writing timing data to binary archive.
Writing XDEF routing.
Writing XDEF routing logical nets.
Writing XDEF routing special nets.
Write XDEF Complete: Time (s): cpu = 00:00:00 ; elapsed = 00:00:00.035 . Memory (MB): peak = 2496.449 ; gain = 13.773
INFO: [Common 17-1381] The checkpoint 'C:/Users/rojin/EE214/4-bit CLA/4-bit CLA.runs/impl_1/wrapper_routed.dcp' has been generated.
INFO: [runtcl-4] Executing : report_drc -file wrapper_drc_routed.rpt -pb wrapper_drc_routed.pb -rpx wrapper_drc_routed.rpx
Command: report_drc -file wrapper_drc_routed.rpt -pb wrapper_drc_routed.pb -rpx wrapper_drc_routed.rpx
INFO: [IP_Flow 19-1839] IP Catalog is up to date.
INFO: [DRC 23-27] Running DRC with 2 threads
INFO: [Vivado_Tcl 2-168] The results of DRC are in file C:/Users/rojin/EE214/4-bit CLA/4-bit CLA.runs/impl_1/wrapper_drc_routed.rpt.
report_drc completed successfully
INFO: [runtcl-4] Executing : report_methodology -file wrapper_methodology_drc_routed.rpt -pb wrapper_methodology_drc_routed.pb -rpx wrapper_methodology_drc_routed.rpx
Command: report_methodology -file wrapper_methodology_drc_routed.rpt -pb wrapper_methodology_drc_routed.pb -rpx wrapper_methodology_drc_routed.rpx
INFO: [Timing 38-35] Done setting XDC timing constraints.
INFO: [DRC 23-133] Running Methodology with 2 threads
INFO: [Vivado_Tcl 2-1520] The results of Report Methodology are in file C:/Users/rojin/EE214/4-bit CLA/4-bit CLA.runs/impl_1/wrapper_methodology_drc_routed.rpt.
report_methodology completed successfully
INFO: [runtcl-4] Executing : report_power -file wrapper_power_routed.rpt -pb wrapper_power_summary_routed.pb -rpx wrapper_power_routed.rpx
Command: report_power -file wrapper_power_routed.rpt -pb wrapper_power_summary_routed.pb -rpx wrapper_power_routed.rpx
INFO: [Timing 38-35] Done setting XDC timing constraints.
Running Vector-less Activity Propagation...

Finished Running Vector-less Activity Propagation
95 Infos, 24 Warnings, 24 Critical Warnings and 0 Errors encountered.
report_power completed successfully
INFO: [runtcl-4] Executing : report_route_status -file wrapper_route_status.rpt -pb wrapper_route_status.pb
INFO: [runtcl-4] Executing : report_timing_summary -max_paths 10 -report_unconstrained -file wrapper_timing_summary_routed.rpt -pb wrapper_timing_summary_routed.pb -rpx wrapper_timing_summary_routed.rpx -warn_on_violation 
INFO: [Timing 38-91] UpdateTimingParams: Speed grade: -1, Delay Type: min_max.
INFO: [Timing 38-191] Multithreading enabled for timing update using a maximum of 2 CPUs
INFO: [runtcl-4] Executing : report_incremental_reuse -file wrapper_incremental_reuse_routed.rpt
INFO: [Vivado_Tcl 4-1062] Incremental flow is disabled. No incremental reuse Info to report.
INFO: [runtcl-4] Executing : report_clock_utilization -file wrapper_clock_utilization_routed.rpt
INFO: [runtcl-4] Executing : report_bus_skew -warn_on_violation -file wrapper_bus_skew_routed.rpt -pb wrapper_bus_skew_routed.pb -rpx wrapper_bus_skew_routed.rpx
INFO: [Timing 38-91] UpdateTimingParams: Speed grade: -1, Delay Type: min_max.
INFO: [Timing 38-191] Multithreading enabled for timing update using a maximum of 2 CPUs
Command: write_bitstream -force wrapper.bit
Attempting to get a license for feature 'Implementation' and/or device 'xc7z007s'
INFO: [Common 17-349] Got license for feature 'Implementation' and/or device 'xc7z007s'
Running DRC as a precondition to command write_bitstream
INFO: [IP_Flow 19-1839] IP Catalog is up to date.
INFO: [DRC 23-27] Running DRC with 2 threads
WARNING: [DRC ZPS7-1] PS7 block required: The PS7 cell must be used in this Zynq design in order to enable correct default configuration.
INFO: [Vivado 12-3199] DRC finished with 0 Errors, 1 Warnings
INFO: [Vivado 12-3200] Please refer to the DRC report (report_drc) for more information.
INFO: [Designutils 20-2272] Running write_bitstream with 2 threads.
Loading data files...
Loading site data...
Loading route data...
Processing options...
Creating bitmap...
Creating bitstream...
Writing bitstream ./wrapper.bit...
INFO: [Vivado 12-1842] Bitgen Completed Successfully.
INFO: [Project 1-1876] WebTalk data collection is mandatory when using a ULT device. To see the specific WebTalk data collected for your design, open the usage_statistics_webtalk.html or usage_statistics_webtalk.xml file in the implementation directory.
INFO: [Common 17-83] Releasing license: Implementation
12 Infos, 1 Warnings, 0 Critical Warnings and 0 Errors encountered.
write_bitstream completed successfully
write_bitstream: Time (s): cpu = 00:00:02 ; elapsed = 00:00:06 . Memory (MB): peak = 2942.852 ; gain = 418.375
INFO: [Common 17-206] Exiting Vivado at Mon Apr  3 18:15:25 2023...

*** Running vivado
    with args -log wrapper.vdi -applog -m64 -product Vivado -messageDb vivado.pb -mode batch -source wrapper.tcl -notrace



****** Vivado v2022.2 (64-bit)
  **** SW Build 3671981 on Fri Oct 14 05:00:03 MDT 2022
  **** IP Build 3669848 on Fri Oct 14 08:30:02 MDT 2022
    ** Copyright 1986-2022 Xilinx, Inc. All Rights Reserved.

source wrapper.tcl -notrace
Command: open_checkpoint wrapper_routed.dcp
INFO: [Device 21-403] Loading part xc7z007sclg400-1
Netlist sorting complete. Time (s): cpu = 00:00:00 ; elapsed = 00:00:00.001 . Memory (MB): peak = 1409.648 ; gain = 0.000
INFO: [Netlist 29-17] Analyzing 4 Unisim elements for replacement
INFO: [Netlist 29-28] Unisim Transformation completed in 0 CPU seconds
INFO: [Project 1-479] Netlist was created with Vivado 2022.2
INFO: [Project 1-570] Preparing netlist for logic optimization
INFO: [Timing 38-478] Restoring timing data from binary archive.
INFO: [Timing 38-479] Binary timing data restore complete.
INFO: [Project 1-856] Restoring constraints from binary archive.
INFO: [Project 1-853] Binary constraint restore complete.
Reading XDEF placement.
Reading placer database...
Reading XDEF routing.
Read XDEF Files: Time (s): cpu = 00:00:00 ; elapsed = 00:00:00.081 . Memory (MB): peak = 2083.043 ; gain = 7.648
Restored from archive | CPU: 0.000000 secs | Memory: 0.000000 MB |
Finished XDEF File Restore: Time (s): cpu = 00:00:00 ; elapsed = 00:00:00.081 . Memory (MB): peak = 2083.043 ; gain = 7.648
Netlist sorting complete. Time (s): cpu = 00:00:00 ; elapsed = 00:00:00.001 . Memory (MB): peak = 2083.043 ; gain = 0.000
INFO: [Project 1-111] Unisim Transformation Summary:
No Unisim elements were transformed.

INFO: [Project 1-604] Checkpoint was created with Vivado v2022.2 (64-bit) build 3671981
OpenCheckpoint Checksum | Checksum: 154af4bcf
----- Checksum: PlaceDB: 72953200 ShapeSum: aec5ec5e RouteDB: 33542d71 
open_checkpoint: Time (s): cpu = 00:00:13 ; elapsed = 00:00:22 . Memory (MB): peak = 2083.043 ; gain = 1199.004
Command: write_bitstream -force wrapper.bit
Attempting to get a license for feature 'Implementation' and/or device 'xc7z007s'
INFO: [Common 17-349] Got license for feature 'Implementation' and/or device 'xc7z007s'
Running DRC as a precondition to command write_bitstream
INFO: [IP_Flow 19-234] Refreshing IP repositories
INFO: [IP_Flow 19-1704] No user IP repositories specified
INFO: [IP_Flow 19-2313] Loaded Vivado IP repository 'C:/EE214/Vivado/2022.2/data/ip'.
INFO: [DRC 23-27] Running DRC with 2 threads
WARNING: [DRC ZPS7-1] PS7 block required: The PS7 cell must be used in this Zynq design in order to enable correct default configuration.
INFO: [Vivado 12-3199] DRC finished with 0 Errors, 1 Warnings
INFO: [Vivado 12-3200] Please refer to the DRC report (report_drc) for more information.
INFO: [Designutils 20-2272] Running write_bitstream with 2 threads.
Loading data files...
Loading site data...
Loading route data...
Processing options...
Creating bitmap...
Creating bitstream...
Writing bitstream ./wrapper.bit...
INFO: [Vivado 12-1842] Bitgen Completed Successfully.
INFO: [Project 1-1876] WebTalk data collection is mandatory when using a ULT device. To see the specific WebTalk data collected for your design, open the usage_statistics_webtalk.html or usage_statistics_webtalk.xml file in the implementation directory.
INFO: [Common 17-83] Releasing license: Implementation
22 Infos, 1 Warnings, 0 Critical Warnings and 0 Errors encountered.
write_bitstream completed successfully
write_bitstream: Time (s): cpu = 00:00:03 ; elapsed = 00:00:07 . Memory (MB): peak = 2553.699 ; gain = 470.656
INFO: [Common 17-206] Exiting Vivado at Tue Apr  4 10:35:10 2023...
